E, [2016-06-23T08:57:01.562811 #13634] ERROR -- Kitchen: ------Exception-------
E, [2016-06-23T08:57:01.562957 #13634] ERROR -- Kitchen: Class: Kitchen::UserError
E, [2016-06-23T08:57:01.563015 #13634] ERROR -- Kitchen: Message: Kitchen YAML file /home/chef/cookbooks/.kitchen.yml does not exist.
E, [2016-06-23T08:57:01.563065 #13634] ERROR -- Kitchen: ------Backtrace-------
E, [2016-06-23T08:57:01.563113 #13634] ERROR -- Kitchen: /opt/chefdk/embedded/lib/ruby/gems/2.1.0/gems/test-kitchen-1.5.0/lib/kitchen/loader/yaml.rb:74:in `read'
E, [2016-06-23T08:57:01.563375 #13634] ERROR -- Kitchen: /opt/chefdk/embedded/lib/ruby/gems/2.1.0/gems/test-kitchen-1.5.0/lib/kitchen/config.rb:149:in `data'
E, [2016-06-23T08:57:01.563480 #13634] ERROR -- Kitchen: /opt/chefdk/embedded/lib/ruby/gems/2.1.0/gems/test-kitchen-1.5.0/lib/kitchen/config.rb:128:in `suites'
E, [2016-06-23T08:57:01.563534 #13634] ERROR -- Kitchen: /opt/chefdk/embedded/lib/ruby/gems/2.1.0/gems/test-kitchen-1.5.0/lib/kitchen/config.rb:179:in `filter_instances'
E, [2016-06-23T08:57:01.563583 #13634] ERROR -- Kitchen: /opt/chefdk/embedded/lib/ruby/gems/2.1.0/gems/test-kitchen-1.5.0/lib/kitchen/config.rb:138:in `build_instances'
E, [2016-06-23T08:57:01.563629 #13634] ERROR -- Kitchen: /opt/chefdk/embedded/lib/ruby/gems/2.1.0/gems/test-kitchen-1.5.0/lib/kitchen/config.rb:114:in `instances'
E, [2016-06-23T08:57:01.563676 #13634] ERROR -- Kitchen: /opt/chefdk/embedded/lib/ruby/gems/2.1.0/gems/test-kitchen-1.5.0/lib/kitchen/command.rb:115:in `filtered_instances'
E, [2016-06-23T08:57:01.563723 #13634] ERROR -- Kitchen: /opt/chefdk/embedded/lib/ruby/gems/2.1.0/gems/test-kitchen-1.5.0/lib/kitchen/command.rb:145:in `parse_subcommand'
E, [2016-06-23T08:57:01.563770 #13634] ERROR -- Kitchen: /opt/chefdk/embedded/lib/ruby/gems/2.1.0/gems/test-kitchen-1.5.0/lib/kitchen/command/list.rb:32:in `call'
E, [2016-06-23T08:57:01.563816 #13634] ERROR -- Kitchen: /opt/chefdk/embedded/lib/ruby/gems/2.1.0/gems/test-kitchen-1.5.0/lib/kitchen/cli.rb:56:in `perform'
E, [2016-06-23T08:57:01.563862 #13634] ERROR -- Kitchen: /opt/chefdk/embedded/lib/ruby/gems/2.1.0/gems/test-kitchen-1.5.0/lib/kitchen/cli.rb:116:in `list'
E, [2016-06-23T08:57:01.563940 #13634] ERROR -- Kitchen: /opt/chefdk/embedded/lib/ruby/gems/2.1.0/gems/thor-0.19.1/lib/thor/command.rb:27:in `run'
E, [2016-06-23T08:57:01.563989 #13634] ERROR -- Kitchen: /opt/chefdk/embedded/lib/ruby/gems/2.1.0/gems/thor-0.19.1/lib/thor/invocation.rb:126:in `invoke_command'
E, [2016-06-23T08:57:01.564037 #13634] ERROR -- Kitchen: /opt/chefdk/embedded/lib/ruby/gems/2.1.0/gems/test-kitchen-1.5.0/lib/kitchen/cli.rb:321:in `invoke_task'
E, [2016-06-23T08:57:01.564083 #13634] ERROR -- Kitchen: /opt/chefdk/embedded/lib/ruby/gems/2.1.0/gems/thor-0.19.1/lib/thor.rb:359:in `dispatch'
E, [2016-06-23T08:57:01.564129 #13634] ERROR -- Kitchen: /opt/chefdk/embedded/lib/ruby/gems/2.1.0/gems/thor-0.19.1/lib/thor/base.rb:440:in `start'
E, [2016-06-23T08:57:01.564194 #13634] ERROR -- Kitchen: /opt/chefdk/embedded/lib/ruby/gems/2.1.0/gems/test-kitchen-1.5.0/bin/kitchen:13:in `block in <top (required)>'
E, [2016-06-23T08:57:01.564245 #13634] ERROR -- Kitchen: /opt/chefdk/embedded/lib/ruby/gems/2.1.0/gems/test-kitchen-1.5.0/lib/kitchen/errors.rb:154:in `with_friendly_errors'
E, [2016-06-23T08:57:01.564292 #13634] ERROR -- Kitchen: /opt/chefdk/embedded/lib/ruby/gems/2.1.0/gems/test-kitchen-1.5.0/bin/kitchen:13:in `<top (required)>'
E, [2016-06-23T08:57:01.564339 #13634] ERROR -- Kitchen: /opt/chefdk/bin/kitchen:17:in `load'
E, [2016-06-23T08:57:01.564384 #13634] ERROR -- Kitchen: /opt/chefdk/bin/kitchen:17:in `<main>'
E, [2016-06-23T08:57:01.564433 #13634] ERROR -- Kitchen: ----------------------
